  [1m[35m (136.0ms)[0m  [1m[35mCREATE TABLE "schema_migrations" ("version" varchar NOT NULL PRIMARY KEY)[0m
  [1m[35m (181.1ms)[0m  [1m[35mCREATE TABLE "ar_internal_metadata" ("key" varchar NOT NULL PRIMARY KEY, "value" varchar, "created_at" datetime(6) NOT NULL, "updated_at" datetime(6) NOT NULL)[0m
  [1m[36mActiveRecord::SchemaMigration Pluck (0.1ms)[0m  [1m[34mSELECT "schema_migrations"."version" FROM "schema_migrations" ORDER BY "schema_migrations"."version" ASC[0m
Migrating to CreateHeros (20230322070112)
  [1m[36mTRANSACTION (0.1ms)[0m  [1m[36mbegin transaction[0m
  [1m[35m (0.2ms)[0m  [1m[35mCREATE TABLE "heros" ("id" integer PRIMARY KEY AUTOINCREMENT NOT NULL, "name" varchar, "super_name" varchar, "created_at" datetime(6) NOT NULL, "updated_at" datetime(6) NOT NULL)[0m
  [1m[36mActiveRecord::SchemaMigration Create (0.3ms)[0m  [1m[32mINSERT INTO "schema_migrations" ("version") VALUES (?)[0m  [["version", "20230322070112"]]
  [1m[36mTRANSACTION (175.8ms)[0m  [1m[36mcommit transaction[0m
Migrating to CreatePowers (20230322070113)
  [1m[36mTRANSACTION (0.1ms)[0m  [1m[36mbegin transaction[0m
  [1m[35m (0.2ms)[0m  [1m[35mCREATE TABLE "powers" ("id" integer PRIMARY KEY AUTOINCREMENT NOT NULL, "name" varchar, "description" text, "created_at" datetime(6) NOT NULL, "updated_at" datetime(6) NOT NULL)[0m
  [1m[36mActiveRecord::SchemaMigration Create (0.1ms)[0m  [1m[32mINSERT INTO "schema_migrations" ("version") VALUES (?)[0m  [["version", "20230322070113"]]
  [1m[36mTRANSACTION (130.5ms)[0m  [1m[36mcommit transaction[0m
Migrating to CreateHeroPowers (20230322070114)
  [1m[36mTRANSACTION (0.1ms)[0m  [1m[36mbegin transaction[0m
  [1m[35m (0.3ms)[0m  [1m[35mCREATE TABLE "hero_powers" ("id" integer PRIMARY KEY AUTOINCREMENT NOT NULL, "hero_id" integer NOT NULL, "power_id" integer NOT NULL, "strength" varchar, "created_at" datetime(6) NOT NULL, "updated_at" datetime(6) NOT NULL, CONSTRAINT "fk_rails_a064e6fddd"
FOREIGN KEY ("hero_id")
  REFERENCES "heros" ("id")
, CONSTRAINT "fk_rails_1e7d81986f"
FOREIGN KEY ("power_id")
  REFERENCES "powers" ("id")
)[0m
  [1m[35m (0.2ms)[0m  [1m[35mCREATE INDEX "index_hero_powers_on_hero_id" ON "hero_powers" ("hero_id")[0m
  [1m[35m (0.2ms)[0m  [1m[35mCREATE INDEX "index_hero_powers_on_power_id" ON "hero_powers" ("power_id")[0m
  [1m[36mActiveRecord::SchemaMigration Create (0.2ms)[0m  [1m[32mINSERT INTO "schema_migrations" ("version") VALUES (?)[0m  [["version", "20230322070114"]]
  [1m[36mTRANSACTION (127.9ms)[0m  [1m[36mcommit transaction[0m
  [1m[36mActiveRecord::InternalMetadata Load (0.1ms)[0m  [1m[34mSELECT "ar_internal_metadata".* FROM "ar_internal_metadata" WHERE "ar_internal_metadata"."key" = ? LIMIT ?[0m  [["key", "environment"], ["LIMIT", 1]]
  [1m[36mTRANSACTION (0.0ms)[0m  [1m[36mbegin transaction[0m
  [1m[36mActiveRecord::InternalMetadata Create (0.2ms)[0m  [1m[32mINSERT INTO "ar_internal_metadata" ("key", "value", "created_at", "updated_at") VALUES (?, ?, ?, ?)[0m  [["key", "environment"], ["value", "development"], ["created_at", "2023-03-22 07:03:19.272970"], ["updated_at", "2023-03-22 07:03:19.272970"]]
  [1m[36mTRANSACTION (100.0ms)[0m  [1m[36mcommit transaction[0m
  [1m[36mActiveRecord::SchemaMigration Pluck (0.1ms)[0m  [1m[34mSELECT "schema_migrations"."version" FROM "schema_migrations" ORDER BY "schema_migrations"."version" ASC[0m
  [1m[36mActiveRecord::SchemaMigration Pluck (0.1ms)[0m  [1m[34mSELECT "schema_migrations"."version" FROM "schema_migrations" ORDER BY "schema_migrations"."version" ASC[0m
  [1m[36mActiveRecord::InternalMetadata Load (0.1ms)[0m  [1m[34mSELECT "ar_internal_metadata".* FROM "ar_internal_metadata" WHERE "ar_internal_metadata"."key" = ? LIMIT ?[0m  [["key", "environment"], ["LIMIT", 1]]
  [1m[36mActiveRecord::SchemaMigration Pluck (0.1ms)[0m  [1m[34mSELECT "schema_migrations"."version" FROM "schema_migrations" ORDER BY "schema_migrations"."version" ASC[0m
  [1m[36mActiveRecord::SchemaMigration Pluck (0.1ms)[0m  [1m[34mSELECT "schema_migrations"."version" FROM "schema_migrations" ORDER BY "schema_migrations"."version" ASC[0m
  [1m[36mTRANSACTION (0.1ms)[0m  [1m[36mbegin transaction[0m
  [1m[36mHero Create (0.2ms)[0m  [1m[32mINSERT INTO "heros" ("name", "super_name", "created_at", "updated_at") VALUES (?, ?, ?, ?)[0m  [["name", "Kamala Khan"], ["super_name", "Ms. Marvel"], ["created_at", "2023-03-22 07:07:04.961072"], ["updated_at", "2023-03-22 07:07:04.961072"]]
  [1m[36mTRANSACTION (106.3ms)[0m  [1m[36mcommit transaction[0m
  [1m[36mTRANSACTION (0.0ms)[0m  [1m[36mbegin transaction[0m
  [1m[36mHero Create (0.2ms)[0m  [1m[32mINSERT INTO "heros" ("name", "super_name", "created_at", "updated_at") VALUES (?, ?, ?, ?)[0m  [["name", "Doreen Green"], ["super_name", "Squirrel Girl"], ["created_at", "2023-03-22 07:07:05.070358"], ["updated_at", "2023-03-22 07:07:05.070358"]]
  [1m[36mTRANSACTION (226.9ms)[0m  [1m[36mcommit transaction[0m
  [1m[36mTRANSACTION (0.0ms)[0m  [1m[36mbegin transaction[0m
  [1m[36mHero Create (0.2ms)[0m  [1m[32mINSERT INTO "heros" ("name", "super_name", "created_at", "updated_at") VALUES (?, ?, ?, ?)[0m  [["name", "Peter Parker"], ["super_name", "Spider-Man"], ["created_at", "2023-03-22 07:07:05.299750"], ["updated_at", "2023-03-22 07:07:05.299750"]]
  [1m[36mTRANSACTION (227.1ms)[0m  [1m[36mcommit transaction[0m
  [1m[36mTRANSACTION (0.1ms)[0m  [1m[36mbegin transaction[0m
  [1m[36mPower Create (0.2ms)[0m  [1m[32mINSERT INTO "powers" ("name", "description", "created_at", "updated_at") VALUES (?, ?, ?, ?)[0m  [["name", "Super Strength"], ["description", "Ability to exert a large amount of physical force."], ["created_at", "2023-03-22 07:07:05.536265"], ["updated_at", "2023-03-22 07:07:05.536265"]]
  [1m[36mTRANSACTION (99.9ms)[0m  [1m[36mcommit transaction[0m
  [1m[36mTRANSACTION (0.0ms)[0m  [1m[36mbegin transaction[0m
  [1m[36mPower Create (0.2ms)[0m  [1m[32mINSERT INTO "powers" ("name", "description", "created_at", "updated_at") VALUES (?, ?, ?, ?)[0m  [["name", "Flight"], ["description", "Ability to defy gravity and propel oneself through the air."], ["created_at", "2023-03-22 07:07:05.639098"], ["updated_at", "2023-03-22 07:07:05.639098"]]
  [1m[36mTRANSACTION (96.1ms)[0m  [1m[36mcommit transaction[0m
  [1m[36mTRANSACTION (0.0ms)[0m  [1m[36mbegin transaction[0m
  [1m[36mPower Create (0.2ms)[0m  [1m[32mINSERT INTO "powers" ("name", "description", "created_at", "updated_at") VALUES (?, ?, ?, ?)[0m  [["name", "Teleportation"], ["description", "Ability to move from one point in space to another instantly."], ["created_at", "2023-03-22 07:07:05.737461"], ["updated_at", "2023-03-22 07:07:05.737461"]]
  [1m[36mTRANSACTION (96.2ms)[0m  [1m[36mcommit transaction[0m
  [1m[36mTRANSACTION (0.0ms)[0m  [1m[36mbegin transaction[0m
  [1m[36mPower Create (0.2ms)[0m  [1m[32mINSERT INTO "powers" ("name", "description", "created_at", "updated_at") VALUES (?, ?, ?, ?)[0m  [["name", "Invisibility"], ["description", "Ability to become invisible to the naked eye."], ["created_at", "2023-03-22 07:07:05.836256"], ["updated_at", "2023-03-22 07:07:05.836256"]]
  [1m[36mTRANSACTION (155.8ms)[0m  [1m[36mcommit transaction[0m
  [1m[36mTRANSACTION (0.1ms)[0m  [1m[36mbegin transaction[0m
  [1m[36mHeroPower Create (0.2ms)[0m  [1m[32mINSERT INTO "hero_powers" ("hero_id", "power_id", "strength", "created_at", "updated_at") VALUES (?, ?, ?, ?, ?)[0m  [["hero_id", 1], ["power_id", 1], ["strength", "Strong"], ["created_at", "2023-03-22 07:07:06.009832"], ["updated_at", "2023-03-22 07:07:06.009832"]]
  [1m[36mTRANSACTION (196.3ms)[0m  [1m[36mcommit transaction[0m
  [1m[36mTRANSACTION (0.1ms)[0m  [1m[36mbegin transaction[0m
  [1m[36mHeroPower Create (0.3ms)[0m  [1m[32mINSERT INTO "hero_powers" ("hero_id", "power_id", "strength", "created_at", "updated_at") VALUES (?, ?, ?, ?, ?)[0m  [["hero_id", 1], ["power_id", 2], ["strength", "Average"], ["created_at", "2023-03-22 07:07:06.209306"], ["updated_at", "2023-03-22 07:07:06.209306"]]
  [1m[36mTRANSACTION (106.2ms)[0m  [1m[36mcommit transaction[0m
  [1m[36mTRANSACTION (0.0ms)[0m  [1m[36mbegin transaction[0m
  [1m[36mHeroPower Create (0.2ms)[0m  [1m[32mINSERT INTO "hero_powers" ("hero_id", "power_id", "strength", "created_at", "updated_at") VALUES (?, ?, ?, ?, ?)[0m  [["hero_id", 2], ["power_id", 3], ["strength", "Weak"], ["created_at", "2023-03-22 07:07:06.318879"], ["updated_at", "2023-03-22 07:07:06.318879"]]
  [1m[36mTRANSACTION (106.9ms)[0m  [1m[36mcommit transaction[0m
  [1m[36mTRANSACTION (0.0ms)[0m  [1m[36mbegin transaction[0m
  [1m[36mHeroPower Create (0.2ms)[0m  [1m[32mINSERT INTO "hero_powers" ("hero_id", "power_id", "strength", "created_at", "updated_at") VALUES (?, ?, ?, ?, ?)[0m  [["hero_id", 3], ["power_id", 4], ["strength", "Strong"], ["created_at", "2023-03-22 07:07:06.428481"], ["updated_at", "2023-03-22 07:07:06.428481"]]
  [1m[36mTRANSACTION (106.6ms)[0m  [1m[36mcommit transaction[0m
  [1m[36mTRANSACTION (0.1ms)[0m  [1m[36mbegin transaction[0m
  [1m[36mHeroPower Create (0.2ms)[0m  [1m[32mINSERT INTO "hero_powers" ("hero_id", "power_id", "strength", "created_at", "updated_at") VALUES (?, ?, ?, ?, ?)[0m  [["hero_id", 3], ["power_id", 1], ["strength", "Average"], ["created_at", "2023-03-22 07:07:06.538179"], ["updated_at", "2023-03-22 07:07:06.538179"]]
  [1m[36mTRANSACTION (106.5ms)[0m  [1m[36mcommit transaction[0m
  [1m[36mTRANSACTION (0.1ms)[0m  [1m[36mbegin transaction[0m
  [1m[36mHeroPower Create (0.3ms)[0m  [1m[32mINSERT INTO "hero_powers" ("hero_id", "power_id", "strength", "created_at", "updated_at") VALUES (?, ?, ?, ?, ?)[0m  [["hero_id", 3], ["power_id", 2], ["strength", "Average"], ["created_at", "2023-03-22 07:07:06.648108"], ["updated_at", "2023-03-22 07:07:06.648108"]]
  [1m[36mTRANSACTION (106.0ms)[0m  [1m[36mcommit transaction[0m
  [1m[36mTRANSACTION (0.0ms)[0m  [1m[36mbegin transaction[0m
  [1m[36mHeroPower Create (0.2ms)[0m  [1m[32mINSERT INTO "hero_powers" ("hero_id", "power_id", "strength", "created_at", "updated_at") VALUES (?, ?, ?, ?, ?)[0m  [["hero_id", 3], ["power_id", 3], ["strength", "Weak"], ["created_at", "2023-03-22 07:07:06.757394"], ["updated_at", "2023-03-22 07:07:06.757394"]]
  [1m[36mTRANSACTION (265.1ms)[0m  [1m[36mcommit transaction[0m
Started GET "/heros" for 127.0.0.1 at 2023-03-22 10:07:35 +0300
  [1m[36mActiveRecord::SchemaMigration Pluck (0.1ms)[0m  [1m[34mSELECT "schema_migrations"."version" FROM "schema_migrations" ORDER BY "schema_migrations"."version" ASC[0m
  
ActionController::RoutingError (No route matches [GET] "/heros"):
  
Started GET "/favicon.ico" for 127.0.0.1 at 2023-03-22 10:07:35 +0300
  
ActionController::RoutingError (No route matches [GET] "/favicon.ico"):
  
